<?xml version="1.0" encoding="UTF-8"?>
<testng-results skipped="0" failed="0" total="1" passed="1">
  <reporter-output>
  </reporter-output>
  <suite name="Default suite" duration-ms="55759" started-at="2016-11-22T14:19:24Z" finished-at="2016-11-22T14:20:20Z">
    <groups>
    </groups>
    <test name="Default test" duration-ms="55759" started-at="2016-11-22T14:19:24Z" finished-at="2016-11-22T14:20:20Z">
      <class name="houseofithadtest.HouseOfIthadTestSuite">
        <test-method status="PASS" signature="beforeTest()[pri:0, instance:houseofithadtest.HouseOfIthadTestSuite@1bce4f0a]" name="beforeTest" is-config="true" duration-ms="1298" started-at="2016-11-22T19:19:24Z" finished-at="2016-11-22T19:19:26Z">
          <reporter-output>
          </reporter-output>
        </test-method> <!-- beforeTest -->
        <test-method status="PASS" signature="HouseOfIthad()[pri:0, instance:houseofithadtest.HouseOfIthadTestSuite@1bce4f0a]" name="HouseOfIthad" duration-ms="54337" started-at="2016-11-22T19:19:26Z" finished-at="2016-11-22T19:20:20Z">
          <reporter-output>
          </reporter-output>
        </test-method> <!-- HouseOfIthad -->
        <test-method status="PASS" signature="afterTest()[pri:0, instance:houseofithadtest.HouseOfIthadTestSuite@1bce4f0a]" name="afterTest" is-config="true" duration-ms="110" started-at="2016-11-22T19:20:20Z" finished-at="2016-11-22T19:20:20Z">
          <reporter-output>
          </reporter-output>
        </test-method> <!-- afterTest -->
      </class> <!-- houseofithadtest.HouseOfIthadTestSuite -->
    </test> <!-- Default test -->
  </suite> <!-- Default suite -->
</testng-results>
